c:\users\zcnma\desktop\schproject\mahjong_poker\mahjong_poker\x64\debug\vc142.pdb
c:\users\zcnma\desktop\schproject\mahjong_poker\mahjong_poker\x64\debug\vc142.idb
c:\users\zcnma\desktop\schproject\mahjong_poker\mahjong_poker\x64\debug\test_cases.obj
c:\users\zcnma\desktop\schproject\mahjong_poker\mahjong_poker\x64\debug\set_game_funcs.obj
c:\users\zcnma\desktop\schproject\mahjong_poker\mahjong_poker\x64\debug\player.obj
c:\users\zcnma\desktop\schproject\mahjong_poker\mahjong_poker\x64\debug\main.obj
c:\users\zcnma\desktop\schproject\mahjong_poker\mahjong_poker\x64\debug\during_match_funcs.obj
c:\users\zcnma\desktop\schproject\mahjong_poker\mahjong_poker\x64\debug\deck.obj
c:\users\zcnma\desktop\schproject\mahjong_poker\mahjong_poker\x64\debug\computer_player_ai.obj
c:\users\zcnma\desktop\schproject\mahjong_poker\mahjong_poker\x64\debug\compare_hands_funcs.obj
c:\users\zcnma\desktop\schproject\mahjong_poker\mahjong_poker\x64\debug\card.obj
c:\users\zcnma\desktop\schproject\mahjong_poker\x64\debug\mahjong_poker.ilk
c:\users\zcnma\desktop\schproject\mahjong_poker\x64\debug\mahjong_poker.exe
c:\users\zcnma\desktop\schproject\mahjong_poker\x64\debug\mahjong_poker.pdb
c:\users\zcnma\desktop\schproject\mahjong_poker\mahjong_poker\x64\debug\mahjong_poker.tlog\cl.command.1.tlog
c:\users\zcnma\desktop\schproject\mahjong_poker\mahjong_poker\x64\debug\mahjong_poker.tlog\cl.read.1.tlog
c:\users\zcnma\desktop\schproject\mahjong_poker\mahjong_poker\x64\debug\mahjong_poker.tlog\cl.write.1.tlog
c:\users\zcnma\desktop\schproject\mahjong_poker\mahjong_poker\x64\debug\mahjong_poker.tlog\link.command.1.tlog
c:\users\zcnma\desktop\schproject\mahjong_poker\mahjong_poker\x64\debug\mahjong_poker.tlog\link.read.1.tlog
c:\users\zcnma\desktop\schproject\mahjong_poker\mahjong_poker\x64\debug\mahjong_poker.tlog\link.write.1.tlog
